2025-11-12T17:15:55.635+09:00  INFO 571844 --- [dog] [restartedMain] com.spring.dog.DogApplication            : Starting DogApplication using Java 17.0.12 with PID 571844 (C:\Users\user\Documents\workspace-spring-tools-for-eclipse-4.32.0.RELEASE\dog\bin\main started by user in C:\Users\user\Documents\workspace-spring-tools-for-eclipse-4.32.0.RELEASE\dog)
2025-11-12T17:15:55.635+09:00 DEBUG 571844 --- [dog] [restartedMain] com.spring.dog.DogApplication            : Running with Spring Boot v3.5.6, Spring v6.2.11
2025-11-12T17:15:55.635+09:00  INFO 571844 --- [dog] [restartedMain] com.spring.dog.DogApplication            : No active profile set, falling back to 1 default profile: "default"
2025-11-12T17:15:55.708+09:00  INFO 571844 --- [dog] [restartedMain] .s.d.r.c.RepositoryConfigurationDelegate : Bootstrapping Spring Data JPA repositories in DEFAULT mode.
2025-11-12T17:15:55.717+09:00  INFO 571844 --- [dog] [restartedMain] .s.d.r.c.RepositoryConfigurationDelegate : Finished Spring Data repository scanning in 8 ms. Found 8 JPA repository interfaces.
2025-11-12T17:15:55.784+09:00  INFO 571844 --- [dog] [restartedMain] o.s.b.w.embedded.tomcat.TomcatWebServer  : Tomcat initialized with port 8080 (http)
2025-11-12T17:15:55.784+09:00  INFO 571844 --- [dog] [restartedMain] o.apache.catalina.core.StandardService   : Starting service [Tomcat]
2025-11-12T17:15:55.784+09:00  INFO 571844 --- [dog] [restartedMain] o.apache.catalina.core.StandardEngine    : Starting Servlet engine: [Apache Tomcat/10.1.46]
2025-11-12T17:15:55.793+09:00  INFO 571844 --- [dog] [restartedMain] o.a.c.c.C.[Tomcat].[localhost].[/]       : Initializing Spring embedded WebApplicationContext
2025-11-12T17:15:55.793+09:00  INFO 571844 --- [dog] [restartedMain] w.s.c.ServletWebServerApplicationContext : Root WebApplicationContext: initialization completed in 157 ms
2025-11-12T17:15:55.808+09:00  INFO 571844 --- [dog] [restartedMain] o.hibernate.jpa.internal.util.LogHelper  : HHH000204: Processing PersistenceUnitInfo [name: default]
2025-11-12T17:15:55.809+09:00  INFO 571844 --- [dog] [restartedMain] o.h.c.internal.RegionFactoryInitiator    : HHH000026: Second-level cache disabled
2025-11-12T17:15:55.814+09:00  INFO 571844 --- [dog] [restartedMain] o.s.o.j.p.SpringPersistenceUnitInfo      : No LoadTimeWeaver setup: ignoring JPA class transformer
2025-11-12T17:15:55.814+09:00  INFO 571844 --- [dog] [restartedMain] com.zaxxer.hikari.HikariDataSource       : HikariPool-9 - Starting...
2025-11-12T17:15:55.860+09:00  INFO 571844 --- [dog] [restartedMain] com.zaxxer.hikari.pool.HikariPool        : HikariPool-9 - Added connection oracle.jdbc.driver.T4CConnection@78c5b22c
2025-11-12T17:15:55.861+09:00  INFO 571844 --- [dog] [restartedMain] com.zaxxer.hikari.HikariDataSource       : HikariPool-9 - Start completed.
2025-11-12T17:15:55.863+09:00  WARN 571844 --- [dog] [restartedMain] org.hibernate.orm.deprecation            : HHH90000025: OracleDialect does not need to be specified explicitly using 'hibernate.dialect' (remove the property setting and it will be selected by default)
2025-11-12T17:15:55.864+09:00  INFO 571844 --- [dog] [restartedMain] org.hibernate.orm.connections.pooling    : HHH10001005: Database info:
	Database JDBC URL [Connecting through datasource 'HikariDataSource (HikariPool-9)']
	Database driver: undefined/unknown
	Database version: 23.9
	Autocommit mode: undefined/unknown
	Isolation level: undefined/unknown
	Minimum pool size: undefined/unknown
	Maximum pool size: undefined/unknown
2025-11-12T17:15:55.912+09:00  INFO 571844 --- [dog] [restartedMain] o.h.e.t.j.p.i.JtaPlatformInitiator       : HHH000489: No JTA platform available (set 'hibernate.transaction.jta.platform' to enable JTA platform integration)
2025-11-12T17:15:56.019+09:00  INFO 571844 --- [dog] [restartedMain] j.LocalContainerEntityManagerFactoryBean : Initialized JPA EntityManagerFactory for persistence unit 'default'
2025-11-12T17:15:56.118+09:00  WARN 571844 --- [dog] [restartedMain] JpaBaseConfiguration$JpaWebConfiguration : spring.jpa.open-in-view is enabled by default. Therefore, database queries may be performed during view rendering. Explicitly configure spring.jpa.open-in-view to disable this warning
2025-11-12T17:15:56.162+09:00  INFO 571844 --- [dog] [restartedMain] o.s.b.d.a.OptionalLiveReloadServer       : LiveReload server is running on port 35729
2025-11-12T17:15:56.168+09:00  INFO 571844 --- [dog] [restartedMain] o.s.b.w.embedded.tomcat.TomcatWebServer  : Tomcat started on port 8080 (http) with context path '/'
2025-11-12T17:15:56.170+09:00  INFO 571844 --- [dog] [restartedMain] com.spring.dog.DogApplication            : Started DogApplication in 0.56 seconds (process running for 773.535)
2025-11-12T17:15:56.172+09:00  INFO 571844 --- [dog] [restartedMain] .ConditionEvaluationDeltaLoggingListener : Condition evaluation unchanged
2025-11-12T17:19:31.157+09:00  INFO 571844 --- [dog] [http-nio-8080-exec-5] o.a.c.c.C.[Tomcat].[localhost].[/]       : Initializing Spring DispatcherServlet 'dispatcherServlet'
2025-11-12T17:19:31.158+09:00  INFO 571844 --- [dog] [http-nio-8080-exec-5] o.s.web.servlet.DispatcherServlet        : Initializing Servlet 'dispatcherServlet'
2025-11-12T17:19:31.158+09:00  INFO 571844 --- [dog] [http-nio-8080-exec-5] o.s.web.servlet.DispatcherServlet        : Completed initialization in 0 ms
